build/app/outputs/mapping/r8/release/mapping.txt
# compiler: R8
# compiler_version: 1.3.49
# min_api: 21
id.co.pgn.pgn_mobile.Application -> id.co.pgn.pgn_mobile.Application:
    1:1:void <init>():10:10 -> <init>
    1:1:void registerWith(io.flutter.plugin.common.PluginRegistry):20:20 -> a
    1:2:void onCreate():13:14 -> onCreate
id.co.pgn.pgn_mobile.MainActivity -> id.co.pgn.pgn_mobile.MainActivity:
    1:1:void <init>():8:8 -> <init>
...
com.google.android.gms.maps.internal.zzan -> com.google.android.gms.maps.a.l:
    void onMapLongClick(com.google.android.gms.maps.model.LatLng) -> c
com.google.android.gms.maps.internal.zzao -> com.google.android.gms.maps.a.m:
    1:1:void <init>():1:1 -> <init>
    1:3:boolean dispatchTransaction(int,android.os.Parcel,android.os.Parcel,int):4:6 -> a
com.google.android.gms.maps.internal.zzap -> com.google.android.gms.maps.a.n:
    void zza(com.google.android.gms.maps.internal.IGoogleMapDelegate) -> a
com.google.android.gms.maps.internal.zzaq -> com.google.android.gms.maps.a.o:
    1:1:void <init>():1:1 -> <init>
    1:1:boolean dispatchTransaction(int,android.os.Parcel,android.os.Parcel,int):4:4 -> a
    2:5:boolean dispatchTransaction(int,android.os.Parcel,android.os.Parcel,int):7:10 -> a
    6:7:boolean dispatchTransaction(int,android.os.Parcel,android.os.Parcel,int):12:13 -> a
com.google.android.gms.maps.internal.zzar -> com.google.android.gms.maps.a.p:
    boolean zza(com.google.android.gms.internal.maps.zzt) -> a
com.google.android.gms.maps.internal.zzas -> com.google.android.gms.maps.a.q:
    1:1:void <init>():1:1 -> <init>
    1:4:boolean dispatchTransaction(int,android.os.Parcel,android.os.Parcel,int):4:7 -> a
com.google.android.gms.maps.internal.zzb -> com.google.android.gms.maps.a.r:
    1:1:void <init>(android.os.IBinder):1:1 -> <init>
    1:7:com.google.android.gms.dynamic.IObjectWrapper zoomByWithFocus(float,int,int):32:38 -> a
    8:12:com.google.android.gms.dynamic.IObjectWrapper newCameraPosition(com.google.android.gms.maps.model.CameraPosition):40:44 -> a
    13:18:com.google.android.gms.dynamic.IObjectWrapper newLatLngZoom(com.google.android.gms.maps.model.LatLng,float):52:57 -> a
    19:24:com.google.android.gms.dynamic.IObjectWrapper newLatLngBounds(com.google.android.gms.maps.model.LatLngBounds,int):59:64 -> a
    1:6:com.google.android.gms.dynamic.IObjectWrapper scrollBy(float,float):13:18 -> c
    1:5:com.google.android.gms.dynamic.IObjectWrapper newLatLng(com.google.android.gms.maps.model.LatLng):46:50 -> e
    1:5:com.google.android.gms.dynamic.IObjectWrapper zoomBy(float):26:30 -> f
    1:5:com.google.android.gms.dynamic.IObjectWrapper zoomTo(float):20:24 -> j
    1:4:com.google.android.gms.dynamic.IObjectWrapper zoomIn():3:6 -> q
    1:4:com.google.android.gms.dynamic.IObjectWrapper zoomOut():8:11 -> x
com.google.android.gms.maps.internal.zzbd -> com.google.android.gms.maps.a.s:
    void zza(com.google.android.gms.internal.maps.zzw) -> a
com.google.android.gms.maps.internal.zzbe -> com.google.android.gms.maps.a.t:
    1:1:void <init>():1:1 -> <init>
    1:3:boolean dispatchTransaction(int,android.os.Parcel,android.os.Parcel,int):4:6 -> a
com.google.android.gms.maps.internal.zzbf -> com.google.android.gms.maps.a.u:
    void zza(com.google.android.gms.internal.maps.zzz) -> a
com.google.android.gms.maps.internal.zzbg -> com.google.android.gms.maps.a.v:
    1:1:void <init>():1:1 -> <init>
    1:3:boolean dispatchTransaction(int,android.os.Parcel,android.os.Parcel,int):4:6 -> a
com.google.android.gms.maps.internal.zzbr -> com.google.android.gms.maps.a.w:
    1:1:void <init>(android.os.IBinder):1:1 -> <init>
    1:4:com.google.android.gms.maps.model.VisibleRegion getVisibleRegion():15:18 -> t